<?xml version="1.0" encoding="UTF-8"?>
<testsuite name="com.covacsis.ipf.pinot.RegisterPinotApplicationTests" tests="1" skipped="0" failures="0" errors="0" timestamp="2024-07-17T17:17:57" hostname="NANS" time="0.764">
  <properties/>
  <testcase name="contextLoads()" classname="com.covacsis.ipf.pinot.RegisterPinotApplicationTests" time="0.764"/>
  <system-out><![CDATA[22:47:55.313 [Test worker] INFO org.springframework.test.context.support.AnnotationConfigContextLoaderUtils -- Could not detect default configuration classes for test class [com.covacsis.ipf.pinot.RegisterPinotApplicationTests]: RegisterPinotApplicationTests does not declare any static, non-private, non-final, nested classes annotated with @Configuration.
22:47:55.411 [Test worker] INFO org.springframework.boot.test.context.SpringBootTestContextBootstrapper -- Found @SpringBootConfiguration com.covacsis.ipf.pinot.RegisterPinotApplication for test class com.covacsis.ipf.pinot.RegisterPinotApplicationTests

  .   ____          _            __ _ _
 /\\ / ___'_ __ _ _(_)_ __  __ _ \ \ \ \
( ( )\___ | '_ | '_| | '_ \/ _` | \ \ \ \
 \\/  ___)| |_)| | | | | || (_| |  ) ) ) )
  '  |____| .__|_| |_|_| |_\__, | / / / /
 =========|_|==============|___/=/_/_/_/

 :: Spring Boot ::                (v3.3.1)

2024-07-17T22:47:55.775+05:30  INFO 442280 --- [eureka-heartbeat-client] [    Test worker] c.c.i.p.RegisterPinotApplicationTests    : Starting RegisterPinotApplicationTests using Java 17.0.11 with PID 442280 (started by user in C:\Users\user\eclipse-workspace\eureka-heartbeat-client)
2024-07-17T22:47:55.776+05:30  INFO 442280 --- [eureka-heartbeat-client] [    Test worker] c.c.i.p.RegisterPinotApplicationTests    : No active profile set, falling back to 1 default profile: "default"
2024-07-17T22:47:56.399+05:30  INFO 442280 --- [eureka-heartbeat-client] [    Test worker] c.c.ipf.pinot.config.HeartbeatScheduler  : Initializing HttpClient and parsing Eureka server URLs
2024-07-17T22:47:57.054+05:30  INFO 442280 --- [eureka-heartbeat-client] [    Test worker] c.c.i.p.RegisterPinotApplicationTests    : Started RegisterPinotApplicationTests in 1.485 seconds (process running for 2.578)
]]></system-out>
  <system-err><![CDATA[]]></system-err>
</testsuite>
